# JRE version: OpenJDK Runtime Environment (21.0.4) (build 21.0.4+-12508038-b607.1)
# Java VM: OpenJDK 64-Bit Server VM (21.0.4+-12508038-b607.1, mixed mode, tiered, compressed oops, compressed class ptrs, g1 gc, windows-amd64)
GC Precious Log:
 CardTable entry size: 512
 Card Set container configuration: InlinePtr #cards 5 size 8 Array Of Cards #cards 12 size 40 Howl #buckets 4 coarsen threshold 1843 Howl Bitmap #cards 512 size 80 coarsen threshold 460 Card regions per heap region 1 cards per card region 2048
 CPUs: 8 total, 8 available
 Memory: 5966M
 Large Page Support: Disabled
 NUMA Support: Disabled
 Compressed Oops: Enabled (32-bit)
 Heap Region Size: 1M
 Heap Min Capacity: 8M
 Heap Initial Capacity: 94M
 Heap Max Capacity: 2G
 Pre-touch: Disabled
 Parallel Workers: 8
 Concurrent Workers: 2
 Concurrent Refinement Workers: 8
 Periodic GC: Disabled
Heap:
 garbage-first heap   total 240640K, used 150628K [0x0000000080000000, 0x0000000100000000)
  region size 1024K, 7 young (7168K), 7 survivors (7168K)
 Metaspace       used 122835K, committed 125056K, reserved 1179648K
  class space    used 16412K, committed 17536K, reserved 1048576K
GC Heap History (20 events):
Event: 20.025 GC heap after
{Heap after GC invocations=38 (full 0):
 garbage-first heap   total 175104K, used 97200K [0x0000000080000000, 0x0000000100000000)
  region size 1024K, 5 young (5120K), 5 survivors (5120K)
 Metaspace       used 100097K, committed 102144K, reserved 1179648K
  class space    used 13541K, committed 14592K, reserved 1048576K
}
Event: 20.836 GC heap before
{Heap before GC invocations=38 (full 0):
 garbage-first heap   total 175104K, used 154544K [0x0000000080000000, 0x0000000100000000)
  region size 1024K, 61 young (62464K), 5 survivors (5120K)
 Metaspace       used 104492K, committed 106560K, reserved 1179648K
  class space    used 14177K, committed 15232K, reserved 1048576K
}
Event: 20.843 GC heap after
{Heap after GC invocations=39 (full 0):
 garbage-first heap   total 175104K, used 100805K [0x0000000080000000, 0x0000000100000000)
  region size 1024K, 7 young (7168K), 7 survivors (7168K)
 Metaspace       used 104492K, committed 106560K, reserved 1179648K
  class space    used 14177K, committed 15232K, reserved 1048576K
}
Event: 21.656 GC heap before
{Heap before GC invocations=40 (full 0):
 garbage-first heap   total 175104K, used 156101K [0x0000000080000000, 0x0000000100000000)
  region size 1024K, 61 young (62464K), 7 survivors (7168K)
 Metaspace       used 108714K, committed 110848K, reserved 1179648K
  class space    used 14783K, committed 15872K, reserved 1048576K
}
Event: 21.666 GC heap after
{Heap after GC invocations=41 (full 0):
 garbage-first heap   total 175104K, used 104735K [0x0000000080000000, 0x0000000100000000)
  region size 1024K, 8 young (8192K), 8 survivors (8192K)
 Metaspace       used 108714K, committed 110848K, reserved 1179648K
  class space    used 14783K, committed 15872K, reserved 1048576K
}
Event: 22.479 GC heap before
{Heap before GC invocations=41 (full 0):
 garbage-first heap   total 175104K, used 160031K [0x0000000080000000, 0x0000000100000000)
  region size 1024K, 58 young (59392K), 8 survivors (8192K)
 Metaspace       used 113547K, committed 115648K, reserved 1179648K
  class space    used 15330K, committed 16384K, reserved 1048576K
}
Event: 22.492 GC heap after
{Heap after GC invocations=42 (full 0):
 garbage-first heap   total 177152K, used 109661K [0x0000000080000000, 0x0000000100000000)
  region size 1024K, 8 young (8192K), 8 survivors (8192K)
 Metaspace       used 113547K, committed 115648K, reserved 1179648K
  class space    used 15330K, committed 16384K, reserved 1048576K
}
Event: 23.065 GC heap before
{Heap before GC invocations=42 (full 0):
 garbage-first heap   total 177152K, used 157789K [0x0000000080000000, 0x0000000100000000)
  region size 1024K, 55 young (56320K), 8 survivors (8192K)
 Metaspace       used 113899K, committed 116032K, reserved 1179648K
  class space    used 15346K, committed 16448K, reserved 1048576K
}
Event: 23.077 GC heap after
{Heap after GC invocations=43 (full 0):
 garbage-first heap   total 177152K, used 115947K [0x0000000080000000, 0x0000000100000000)
  region size 1024K, 6 young (6144K), 6 survivors (6144K)
 Metaspace       used 113899K, committed 116032K, reserved 1179648K
  class space    used 15346K, committed 16448K, reserved 1048576K
}
Event: 23.521 GC heap before
{Heap before GC invocations=44 (full 0):
 garbage-first heap   total 194560K, used 159979K [0x0000000080000000, 0x0000000100000000)
  region size 1024K, 49 young (50176K), 6 survivors (6144K)
 Metaspace       used 114391K, committed 116544K, reserved 1179648K
  class space    used 15449K, committed 16512K, reserved 1048576K
}
Event: 23.528 GC heap after
{Heap after GC invocations=45 (full 0):
 garbage-first heap   total 194560K, used 118179K [0x0000000080000000, 0x0000000100000000)
  region size 1024K, 5 young (5120K), 5 survivors (5120K)
 Metaspace       used 114391K, committed 116544K, reserved 1179648K
  class space    used 15449K, committed 16512K, reserved 1048576K
}
Event: 24.230 GC heap before
{Heap before GC invocations=45 (full 0):
 garbage-first heap   total 194560K, used 176547K [0x0000000080000000, 0x0000000100000000)
  region size 1024K, 61 young (62464K), 5 survivors (5120K)
 Metaspace       used 116712K, committed 118912K, reserved 1179648K
  class space    used 15696K, committed 16832K, reserved 1048576K
}
Event: 24.247 GC heap after
{Heap after GC invocations=46 (full 0):
 garbage-first heap   total 202752K, used 134518K [0x0000000080000000, 0x0000000100000000)
  region size 1024K, 8 young (8192K), 8 survivors (8192K)
 Metaspace       used 116712K, committed 118912K, reserved 1179648K
  class space    used 15696K, committed 16832K, reserved 1048576K
}
Event: 24.877 GC heap before
{Heap before GC invocations=46 (full 0):
 garbage-first heap   total 202752K, used 175478K [0x0000000080000000, 0x0000000100000000)
  region size 1024K, 48 young (49152K), 8 survivors (8192K)
 Metaspace       used 118942K, committed 121152K, reserved 1179648K
  class space    used 15971K, committed 17088K, reserved 1048576K
}
Event: 24.888 GC heap after
{Heap after GC invocations=47 (full 0):
 garbage-first heap   total 202752K, used 141312K [0x0000000080000000, 0x0000000100000000)
  region size 1024K, 6 young (6144K), 6 survivors (6144K)
 Metaspace       used 118942K, committed 121152K, reserved 1179648K
  class space    used 15971K, committed 17088K, reserved 1048576K
}
Event: 25.522 GC heap before
{Heap before GC invocations=48 (full 0):
 garbage-first heap   total 240640K, used 200704K [0x0000000080000000, 0x0000000100000000)
  region size 1024K, 44 young (45056K), 6 survivors (6144K)
 Metaspace       used 120947K, committed 123200K, reserved 1179648K
  class space    used 16198K, committed 17344K, reserved 1048576K
}
Event: 25.529 GC heap after
{Heap after GC invocations=49 (full 0):
 garbage-first heap   total 240640K, used 144476K [0x0000000080000000, 0x0000000100000000)
  region size 1024K, 6 young (6144K), 6 survivors (6144K)
 Metaspace       used 120947K, committed 123200K, reserved 1179648K
  class space    used 16198K, committed 17344K, reserved 1048576K
}
Event: 26.066 GC heap before
{Heap before GC invocations=49 (full 0):
 garbage-first heap   total 240640K, used 201820K [0x0000000080000000, 0x0000000100000000)
  region size 1024K, 63 young (64512K), 6 survivors (6144K)
 Metaspace       used 121596K, committed 123840K, reserved 1179648K
  class space    used 16269K, committed 17408K, reserved 1048576K
}
Event: 26.079 GC heap after
{Heap after GC invocations=50 (full 0):
 garbage-first heap   total 240640K, used 148942K [0x0000000080000000, 0x0000000100000000)
  region size 1024K, 8 young (8192K), 8 survivors (8192K)
 Metaspace       used 121596K, committed 123840K, reserved 1179648K
  class space    used 16269K, committed 17408K, reserved 1048576K
}
Event: 26.617 GC heap before
{Heap before GC invocations=50 (full 0):
 garbage-first heap   total 240640K, used 206286K [0x0000000080000000, 0x0000000100000000)
  region size 1024K, 64 young (65536K), 8 survivors (8192K)
 Metaspace       used 122835K, committed 125056K, reserved 1179648K
  class space    used 16412K, committed 17536K, reserved 1048576K
}

