# JRE version: OpenJDK Runtime Environment (21.0.4) (build 21.0.4+-12508038-b607.1)
# Java VM: OpenJDK 64-Bit Server VM (21.0.4+-12508038-b607.1, mixed mode, tiered, compressed oops, compressed class ptrs, g1 gc, windows-amd64)
GC Precious Log:
 CardTable entry size: 512
 Card Set container configuration: InlinePtr #cards 5 size 8 Array Of Cards #cards 12 size 40 Howl #buckets 4 coarsen threshold 1843 Howl Bitmap #cards 512 size 80 coarsen threshold 460 Card regions per heap region 1 cards per card region 2048
 CPUs: 8 total, 8 available
 Memory: 5966M
 Large Page Support: Disabled
 NUMA Support: Disabled
 Compressed Oops: Enabled (32-bit)
 Heap Region Size: 1M
 Heap Min Capacity: 8M
 Heap Initial Capacity: 94M
 Heap Max Capacity: 2G
 Pre-touch: Disabled
 Parallel Workers: 8
 Concurrent Workers: 2
 Concurrent Refinement Workers: 8
 Periodic GC: Disabled
Heap:
 garbage-first heap   total 202752K, used 135278K [0x0000000080000000, 0x0000000100000000)
  region size 1024K, 24 young (24576K), 3 survivors (3072K)
 Metaspace       used 113551K, committed 115648K, reserved 1179648K
  class space    used 15341K, committed 16384K, reserved 1048576K
GC Heap History (20 events):
Event: 15.532 GC heap before
{Heap before GC invocations=28 (full 0):
 garbage-first heap   total 148480K, used 124943K [0x0000000080000000, 0x0000000100000000)
  region size 1024K, 41 young (41984K), 5 survivors (5120K)
 Metaspace       used 88525K, committed 90368K, reserved 1179648K
  class space    used 11813K, committed 12736K, reserved 1048576K
}
Event: 15.538 GC heap after
{Heap after GC invocations=29 (full 0):
 garbage-first heap   total 148480K, used 90374K [0x0000000080000000, 0x0000000100000000)
  region size 1024K, 5 young (5120K), 5 survivors (5120K)
 Metaspace       used 88525K, committed 90368K, reserved 1179648K
  class space    used 11813K, committed 12736K, reserved 1048576K
}
Event: 16.027 GC heap before
{Heap before GC invocations=29 (full 0):
 garbage-first heap   total 148480K, used 133382K [0x0000000080000000, 0x0000000100000000)
  region size 1024K, 47 young (48128K), 5 survivors (5120K)
 Metaspace       used 89648K, committed 91584K, reserved 1179648K
  class space    used 11959K, committed 12928K, reserved 1048576K
}
Event: 16.035 GC heap after
{Heap after GC invocations=30 (full 0):
 garbage-first heap   total 148480K, used 94170K [0x0000000080000000, 0x0000000100000000)
  region size 1024K, 6 young (6144K), 6 survivors (6144K)
 Metaspace       used 89648K, committed 91584K, reserved 1179648K
  class space    used 11959K, committed 12928K, reserved 1048576K
}
Event: 16.539 GC heap before
{Heap before GC invocations=30 (full 0):
 garbage-first heap   total 148480K, used 134106K [0x0000000080000000, 0x0000000100000000)
  region size 1024K, 45 young (46080K), 6 survivors (6144K)
 Metaspace       used 92625K, committed 94592K, reserved 1179648K
  class space    used 12349K, committed 13312K, reserved 1048576K
}
Event: 16.546 GC heap after
{Heap after GC invocations=31 (full 0):
 garbage-first heap   total 148480K, used 96293K [0x0000000080000000, 0x0000000100000000)
  region size 1024K, 3 young (3072K), 3 survivors (3072K)
 Metaspace       used 92625K, committed 94592K, reserved 1179648K
  class space    used 12349K, committed 13312K, reserved 1048576K
}
Event: 17.175 GC heap before
{Heap before GC invocations=32 (full 0):
 garbage-first heap   total 162816K, used 136229K [0x0000000080000000, 0x0000000100000000)
  region size 1024K, 41 young (41984K), 3 survivors (3072K)
 Metaspace       used 95672K, committed 97600K, reserved 1179648K
  class space    used 12864K, committed 13824K, reserved 1048576K
}
Event: 17.178 GC heap after
{Heap after GC invocations=33 (full 0):
 garbage-first heap   total 162816K, used 97183K [0x0000000080000000, 0x0000000100000000)
  region size 1024K, 3 young (3072K), 3 survivors (3072K)
 Metaspace       used 95672K, committed 97600K, reserved 1179648K
  class space    used 12864K, committed 13824K, reserved 1048576K
}
Event: 17.949 GC heap before
{Heap before GC invocations=33 (full 0):
 garbage-first heap   total 162816K, used 148383K [0x0000000080000000, 0x0000000100000000)
  region size 1024K, 53 young (54272K), 3 survivors (3072K)
 Metaspace       used 99503K, committed 101504K, reserved 1179648K
  class space    used 13469K, committed 14464K, reserved 1048576K
}
Event: 17.955 GC heap after
{Heap after GC invocations=34 (full 0):
 garbage-first heap   total 162816K, used 97990K [0x0000000080000000, 0x0000000100000000)
  region size 1024K, 6 young (6144K), 6 survivors (6144K)
 Metaspace       used 99503K, committed 101504K, reserved 1179648K
  class space    used 13469K, committed 14464K, reserved 1048576K
}
Event: 18.706 GC heap before
{Heap before GC invocations=34 (full 0):
 garbage-first heap   total 162816K, used 147142K [0x0000000080000000, 0x0000000100000000)
  region size 1024K, 54 young (55296K), 6 survivors (6144K)
 Metaspace       used 103022K, committed 105088K, reserved 1179648K
  class space    used 13973K, committed 15040K, reserved 1048576K
}
Event: 18.714 GC heap after
{Heap after GC invocations=35 (full 0):
 garbage-first heap   total 162816K, used 101186K [0x0000000080000000, 0x0000000100000000)
  region size 1024K, 7 young (7168K), 7 survivors (7168K)
 Metaspace       used 103022K, committed 105088K, reserved 1179648K
  class space    used 13973K, committed 15040K, reserved 1048576K
}
Event: 19.425 GC heap before
{Heap before GC invocations=36 (full 0):
 garbage-first heap   total 168960K, used 146242K [0x0000000080000000, 0x0000000100000000)
  region size 1024K, 51 young (52224K), 7 survivors (7168K)
 Metaspace       used 107305K, committed 109440K, reserved 1179648K
  class space    used 14598K, committed 15680K, reserved 1048576K
}
Event: 19.433 GC heap after
{Heap after GC invocations=37 (full 0):
 garbage-first heap   total 168960K, used 103516K [0x0000000080000000, 0x0000000100000000)
  region size 1024K, 6 young (6144K), 6 survivors (6144K)
 Metaspace       used 107305K, committed 109440K, reserved 1179648K
  class space    used 14598K, committed 15680K, reserved 1048576K
}
Event: 20.052 GC heap before
{Heap before GC invocations=37 (full 0):
 garbage-first heap   total 168960K, used 151644K [0x0000000080000000, 0x0000000100000000)
  region size 1024K, 54 young (55296K), 6 survivors (6144K)
 Metaspace       used 110197K, committed 112320K, reserved 1179648K
  class space    used 14941K, committed 16000K, reserved 1048576K
}
Event: 20.063 GC heap after
{Heap after GC invocations=38 (full 0):
 garbage-first heap   total 168960K, used 107722K [0x0000000080000000, 0x0000000100000000)
  region size 1024K, 7 young (7168K), 7 survivors (7168K)
 Metaspace       used 110197K, committed 112320K, reserved 1179648K
  class space    used 14941K, committed 16000K, reserved 1048576K
}
Event: 20.175 GC heap before
{Heap before GC invocations=38 (full 0):
 garbage-first heap   total 168960K, used 115914K [0x0000000080000000, 0x0000000100000000)
  region size 1024K, 17 young (17408K), 7 survivors (7168K)
 Metaspace       used 110651K, committed 112768K, reserved 1179648K
  class space    used 14982K, committed 16064K, reserved 1048576K
}
Event: 20.239 GC heap after
{Heap after GC invocations=39 (full 0):
 garbage-first heap   total 202752K, used 110343K [0x0000000080000000, 0x0000000100000000)
  region size 1024K, 4 young (4096K), 4 survivors (4096K)
 Metaspace       used 110651K, committed 112768K, reserved 1179648K
  class space    used 14982K, committed 16064K, reserved 1048576K
}
Event: 20.242 GC heap before
{Heap before GC invocations=39 (full 0):
 garbage-first heap   total 202752K, used 111367K [0x0000000080000000, 0x0000000100000000)
  region size 1024K, 5 young (5120K), 4 survivors (4096K)
 Metaspace       used 110651K, committed 112768K, reserved 1179648K
  class space    used 14982K, committed 16064K, reserved 1048576K
}
Event: 20.245 GC heap after
{Heap after GC invocations=40 (full 0):
 garbage-first heap   total 202752K, used 110702K [0x0000000080000000, 0x0000000100000000)
  region size 1024K, 3 young (3072K), 3 survivors (3072K)
 Metaspace       used 110651K, committed 112768K, reserved 1179648K
  class space    used 14982K, committed 16064K, reserved 1048576K
}

